2024-03-06T10:28:30.3470676 I/O error on POST request for "http://localhost:8080/register": Connection refused: connect; nested exception is java.net.ConnectException: Connection refused: connect
2024-03-06T10:30:38.8564427 401 : [no body]
2024-03-06T17:44:41.1485933 500 : [{"timestamp":"2024-03-06T22:44:41.127+00:00","status":500,"error":"Internal Server Error","message":"No message available","path":"/account"}]
2024-03-06T17:53:08.0026007 404 : [{"timestamp":"2024-03-06T22:53:07.978+00:00","status":404,"error":"Not Found","message":"No message available","path":"/account"}]
2024-03-06T17:54:42.0435272 500 : [{"timestamp":"2024-03-06T22:54:42.025+00:00","status":500,"error":"Internal Server Error","message":"No message available","path":"/account"}]
2024-03-06T18:03:37.342463 500 : [{"timestamp":"2024-03-06T23:03:37.328+00:00","status":500,"error":"Internal Server Error","message":"No message available","path":"/account"}]
2024-03-06T18:05:35.0643207 500 : [{"timestamp":"2024-03-06T23:05:35.047+00:00","status":500,"error":"Internal Server Error","message":"No message available","path":"/account"}]
2024-03-06T18:46:51.3644428 500 : [{"timestamp":"2024-03-06T23:46:51.352+00:00","status":500,"error":"Internal Server Error","message":"No message available","path":"/account"}]
2024-03-06T18:49:10.3275982 500 : [{"timestamp":"2024-03-06T23:49:10.311+00:00","status":500,"error":"Internal Server Error","message":"No message available","path":"/account"}]
2024-03-06T18:56:27.9588371 401 : [{"timestamp":"2024-03-06T23:56:27.937+00:00","status":401,"error":"Unauthorized","message":"Full authentication is required to access this resource","path":"/account"}]
2024-03-06T19:29:58.6326243 500 : [{"timestamp":"2024-03-07T00:29:58.614+00:00","status":500,"error":"Internal Server Error","message":"No message available","path":"/account"}]
2024-03-06T19:34:06.8050888 500 : [{"timestamp":"2024-03-07T00:34:06.788+00:00","status":500,"error":"Internal Server Error","message":"No message available","path":"/account"}]
2024-03-06T19:35:14.4536688 500 : [{"timestamp":"2024-03-07T00:35:14.440+00:00","status":500,"error":"Internal Server Error","message":"No message available","path":"/account"}]
2024-03-06T19:45:28.9838833 500 : [{"timestamp":"2024-03-07T00:45:28.968+00:00","status":500,"error":"Internal Server Error","message":"No message available","path":"/account"}]
2024-03-06T19:45:40.0675071 500 : [{"timestamp":"2024-03-07T00:45:40.066+00:00","status":500,"error":"Internal Server Error","message":"No message available","path":"/account"}]
2024-03-06T19:46:22.3622697 500 : [{"timestamp":"2024-03-07T00:46:22.349+00:00","status":500,"error":"Internal Server Error","message":"No message available","path":"/account"}]
2024-03-06T19:47:13.9813205 500 : [{"timestamp":"2024-03-07T00:47:13.966+00:00","status":500,"error":"Internal Server Error","message":"No message available","path":"/account"}]
2024-03-06T19:55:30.8148437 500 : [{"timestamp":"2024-03-07T00:55:30.798+00:00","status":500,"error":"Internal Server Error","message":"No message available","path":"/account"}]
2024-03-06T19:58:26.2397383 500 : [{"timestamp":"2024-03-07T00:58:26.225+00:00","status":500,"error":"Internal Server Error","message":"No message available","path":"/account"}]
2024-03-06T20:00:20.2018564 500 : [{"timestamp":"2024-03-07T01:00:20.183+00:00","status":500,"error":"Internal Server Error","message":"No message available","path":"/account"}]
